<?xml version="1.0" encoding="UTF-8"?>
<!-- Generated by org.testng.reporters.JUnitXMLReporter -->
<testsuite ignored="0" hostname="USPL-220" failures="0" tests="6" name="Default test" time="1.075" errors="0" timestamp="2024-01-24T18:16:04 IST">
  <testcase classname="ExcelDataProvider.dataprovider" name="testCaseData" time="0.013"/>
  <testcase classname="ExcelDataProvider.dataprovider" name="testCaseData" time="0.004"/>
  <testcase classname="ExcelDataProvider.dataprovider" name="testCaseData" time="0.002"/>
  <testcase classname="ExcelDataProvider.dataprovider" name="testCaseData" time="0.002"/>
  <testcase classname="ExcelDataProvider.dataprovider" name="testCaseData" time="0.002"/>
  <testcase classname="ExcelDataProvider.dataprovider" name="testCaseData" time="0.002"/>
</testsuite> <!-- Default test -->
