<?xml version="1.0" encoding="UTF-8"?>
<!-- Generated by org.testng.reporters.JUnitXMLReporter -->
<testsuite ignored="0" hostname="USPL-220" failures="0" tests="6" name="Default test" time="0.559" errors="0" timestamp="2024-02-14T15:12:50 IST">
  <testcase classname="ExcelDataProvider.dataprovider" name="testCaseData" time="0.007"/>
  <testcase classname="ExcelDataProvider.dataprovider" name="testCaseData" time="0.001"/>
  <testcase classname="ExcelDataProvider.dataprovider" name="testCaseData" time="0.001"/>
  <testcase classname="ExcelDataProvider.dataprovider" name="testCaseData" time="0.001"/>
  <testcase classname="ExcelDataProvider.dataprovider" name="testCaseData" time="0.001"/>
  <testcase classname="ExcelDataProvider.dataprovider" name="testCaseData" time="0.001"/>
</testsuite> <!-- Default test -->
