<?xml version="1.0" encoding="UTF-8"?>
<testng-results ignored="0" total="6" passed="6" failed="0" skipped="0">
  <reporter-output>
  </reporter-output>
  <suite started-at="2024-01-24T18:16:03 IST" name="Default suite" finished-at="2024-01-24T18:16:04 IST" duration-ms="1075">
    <groups>
    </groups>
    <test started-at="2024-01-24T18:16:03 IST" name="Default test" finished-at="2024-01-24T18:16:04 IST" duration-ms="1075">
      <class name="ExcelDataProvider.dataprovider">
        <test-method signature="testCaseData(java.lang.String,java.lang.String,java.lang.String)[pri:0, instance:ExcelDataProvider.dataprovider@22555ebf]" started-at="2024-01-24T18:16:04 IST" name="testCaseData" data-provider="driveTest" finished-at="2024-01-24T18:16:04 IST" duration-ms="13" status="PASS">
          <params>
            <param index="0">
              <value>
                <![CDATA[hello]]>
              </value>
            </param>
            <param index="1">
              <value>
                <![CDATA[abc]]>
              </value>
            </param>
            <param index="2">
              <value>
                <![CDATA[12]]>
              </value>
            </param>
          </params>
          <reporter-output>
          </reporter-output>
        </test-method> <!-- testCaseData -->
        <test-method signature="testCaseData(java.lang.String,java.lang.String,java.lang.String)[pri:0, instance:ExcelDataProvider.dataprovider@22555ebf]" started-at="2024-01-24T18:16:04 IST" name="testCaseData" data-provider="driveTest" finished-at="2024-01-24T18:16:04 IST" duration-ms="4" status="PASS">
          <params>
            <param index="0">
              <value>
                <![CDATA[hiii]]>
              </value>
            </param>
            <param index="1">
              <value>
                <![CDATA[ydg]]>
              </value>
            </param>
            <param index="2">
              <value>
                <![CDATA[23]]>
              </value>
            </param>
          </params>
          <reporter-output>
          </reporter-output>
        </test-method> <!-- testCaseData -->
        <test-method signature="testCaseData(java.lang.String,java.lang.String,java.lang.String)[pri:0, instance:ExcelDataProvider.dataprovider@22555ebf]" started-at="2024-01-24T18:16:04 IST" name="testCaseData" data-provider="driveTest" finished-at="2024-01-24T18:16:04 IST" duration-ms="2" status="PASS">
          <params>
            <param index="0">
              <value>
                <![CDATA[Bye]]>
              </value>
            </param>
            <param index="1">
              <value>
                <![CDATA[jio]]>
              </value>
            </param>
            <param index="2">
              <value>
                <![CDATA[32]]>
              </value>
            </param>
          </params>
          <reporter-output>
          </reporter-output>
        </test-method> <!-- testCaseData -->
        <test-method signature="testCaseData(java.lang.String,java.lang.String,java.lang.String)[pri:0, instance:ExcelDataProvider.dataprovider@22555ebf]" started-at="2024-01-24T18:16:04 IST" name="testCaseData" data-provider="driveTest" finished-at="2024-01-24T18:16:04 IST" duration-ms="2" status="PASS">
          <params>
            <param index="0">
              <value>
                <![CDATA[hello]]>
              </value>
            </param>
            <param index="1">
              <value>
                <![CDATA[abc]]>
              </value>
            </param>
            <param index="2">
              <value>
                <![CDATA[12]]>
              </value>
            </param>
          </params>
          <reporter-output>
          </reporter-output>
        </test-method> <!-- testCaseData -->
        <test-method signature="testCaseData(java.lang.String,java.lang.String,java.lang.String)[pri:0, instance:ExcelDataProvider.dataprovider@22555ebf]" started-at="2024-01-24T18:16:04 IST" name="testCaseData" data-provider="driveTest" finished-at="2024-01-24T18:16:04 IST" duration-ms="2" status="PASS">
          <params>
            <param index="0">
              <value>
                <![CDATA[hiii]]>
              </value>
            </param>
            <param index="1">
              <value>
                <![CDATA[ydg]]>
              </value>
            </param>
            <param index="2">
              <value>
                <![CDATA[23]]>
              </value>
            </param>
          </params>
          <reporter-output>
          </reporter-output>
        </test-method> <!-- testCaseData -->
        <test-method signature="testCaseData(java.lang.String,java.lang.String,java.lang.String)[pri:0, instance:ExcelDataProvider.dataprovider@22555ebf]" started-at="2024-01-24T18:16:04 IST" name="testCaseData" data-provider="driveTest" finished-at="2024-01-24T18:16:04 IST" duration-ms="2" status="PASS">
          <params>
            <param index="0">
              <value>
                <![CDATA[Bye]]>
              </value>
            </param>
            <param index="1">
              <value>
                <![CDATA[jio]]>
              </value>
            </param>
            <param index="2">
              <value>
                <![CDATA[32]]>
              </value>
            </param>
          </params>
          <reporter-output>
          </reporter-output>
        </test-method> <!-- testCaseData -->
      </class> <!-- ExcelDataProvider.dataprovider -->
    </test> <!-- Default test -->
  </suite> <!-- Default suite -->
</testng-results>
